<?xml version="1.0" encoding="UTF-8"?>
<!-- Generated by org.testng.reporters.JUnitXMLReporter -->
<testsuite hostname="AA-PC" name="test1" tests="4" failures="0" timestamp="14 Oct 2019 03:48:07 GMT" time="31.25" errors="0">
  <testcase name="launchBrowser" time="3.805" classname="framework_testng.CrossBrowser.CrossBrowser_Test"/>
  <testcase name="loadApp" time="9.783" classname="framework_testng.CrossBrowser.CrossBrowser_Test"/>
  <testcase name="flight_search" time="12.249" classname="framework_testng.CrossBrowser.CrossBrowser_Test"/>
  <testcase name="closeBrowser" time="5.396" classname="framework_testng.CrossBrowser.CrossBrowser_Test"/>
</testsuite> <!-- test1 -->
