<?xml version="1.0" encoding="UTF-8"?>
<!-- Generated by org.testng.reporters.JUnitXMLReporter -->
<testsuite hostname="AA-PC" name="test2" tests="4" failures="0" timestamp="14 Oct 2019 03:48:20 GMT" time="44.669" errors="0">
  <testcase name="launchBrowser" time="9.631" classname="framework_testng.CrossBrowser.CrossBrowser_Test"/>
  <testcase name="loadApp" time="8.677" classname="framework_testng.CrossBrowser.CrossBrowser_Test"/>
  <testcase name="flight_search" time="17.075" classname="framework_testng.CrossBrowser.CrossBrowser_Test"/>
  <testcase name="closeBrowser" time="9.253" classname="framework_testng.CrossBrowser.CrossBrowser_Test"/>
</testsuite> <!-- test2 -->
