<?xml version="1.0" encoding="UTF-8"?>
<!-- Generated by org.testng.reporters.JUnitXMLReporter -->
<testsuite hostname="AA-PC" name="test1" tests="3" failures="0" timestamp="13 Oct 2019 06:17:49 GMT" time="0.031" errors="0">
  <testcase name="tc002" time="0.0" classname="framework_testng.TestSuite.Class1"/>
  <testcase name="tc004" time="0.0" classname="framework_testng.TestSuite.Class2"/>
  <testcase name="tc006" time="0.0" classname="framework_testng.TestSuite.Class2"/>
</testsuite> <!-- test1 -->
