<?xml version="1.0" encoding="UTF-8"?>
<!-- Generated by org.testng.reporters.JUnitXMLReporter -->
<testsuite hostname="AA-PC" name="Default test" tests="15" failures="0" timestamp="14 Oct 2019 04:12:52 GMT" time="0.806" errors="0">
  <testcase name="Verify_login" time="0.0" classname="framework_testng.DP.DataProvider_With_Excel_Intergration"/>
  <testcase name="Verify_login" time="0.0" classname="framework_testng.DP.DataProvider_With_Excel_Intergration"/>
  <testcase name="Verify_login" time="0.0" classname="framework_testng.DP.DataProvider_With_Excel_Intergration"/>
  <testcase name="Verify_login" time="0.0" classname="framework_testng.DP.DataProvider_With_Excel_Intergration"/>
  <testcase name="Verify_login" time="0.0" classname="framework_testng.DP.DataProvider_With_Excel_Intergration"/>
  <testcase name="Verify_login" time="0.0" classname="framework_testng.DP.DataProvider_With_Excel_Intergration"/>
  <testcase name="Verify_login" time="0.0" classname="framework_testng.DP.DataProvider_With_Excel_Intergration"/>
  <testcase name="Verify_login" time="0.0" classname="framework_testng.DP.DataProvider_With_Excel_Intergration"/>
  <testcase name="Verify_login" time="0.001" classname="framework_testng.DP.DataProvider_With_Excel_Intergration"/>
  <testcase name="Verify_login" time="0.001" classname="framework_testng.DP.DataProvider_With_Excel_Intergration"/>
  <testcase name="Verify_login" time="0.0" classname="framework_testng.DP.DataProvider_With_Excel_Intergration"/>
  <testcase name="Verify_login" time="0.0" classname="framework_testng.DP.DataProvider_With_Excel_Intergration"/>
  <testcase name="Verify_login" time="0.0" classname="framework_testng.DP.DataProvider_With_Excel_Intergration"/>
  <testcase name="Verify_login" time="0.0" classname="framework_testng.DP.DataProvider_With_Excel_Intergration"/>
  <testcase name="Verify_login" time="0.0" classname="framework_testng.DP.DataProvider_With_Excel_Intergration"/>
</testsuite> <!-- Default test -->
