<?xml version="1.0" encoding="UTF-8"?>
<!-- Generated by org.testng.reporters.JUnitXMLReporter -->
<testsuite hostname="AA-PC" name="firefox" tests="7" failures="0" timestamp="14 Oct 2019 03:04:09 GMT" time="0.045" errors="0">
  <testcase name="tc001" time="0.001" classname="framework_testng.BeforeTest_and_AfterTest.TestSuite1"/>
  <testcase name="tc002" time="0.001" classname="framework_testng.BeforeTest_and_AfterTest.TestSuite1"/>
  <testcase name="tc003" time="0.001" classname="framework_testng.BeforeTest_and_AfterTest.TestSuite1"/>
  <testcase name="tc004" time="0.001" classname="framework_testng.BeforeTest_and_AfterTest.TestSuite2"/>
  <testcase name="tc005" time="0.007" classname="framework_testng.BeforeTest_and_AfterTest.TestSuite2"/>
  <testcase name="tc006" time="0.003" classname="framework_testng.BeforeTest_and_AfterTest.TestSuite2"/>
  <testcase name="login" time="0.001" classname="framework_testng.BeforeTest_and_AfterTest.Test_For_Firefox"/>
</testsuite> <!-- firefox -->
