<?xml version="1.0" encoding="UTF-8"?>
<testng-results skipped="0" failed="0" total="15" passed="15">
  <reporter-output>
  </reporter-output>
  <suite name="Default suite" duration-ms="806" started-at="2019-10-14T04:12:52Z" finished-at="2019-10-14T04:12:52Z">
    <groups>
    </groups>
    <test name="Default test" duration-ms="806" started-at="2019-10-14T04:12:52Z" finished-at="2019-10-14T04:12:52Z">
      <class name="framework_testng.DP.DataProvider_With_Excel_Intergration">
        <test-method status="PASS" signature="setUpBeforeClass()[pri:0, instance:framework_testng.DP.DataProvider_With_Excel_Intergration@6ea6d14e]" name="setUpBeforeClass" is-config="true" duration-ms="733" started-at="2019-10-14T09:42:52Z" finished-at="2019-10-14T09:42:52Z">
          <reporter-output>
          </reporter-output>
        </test-method> <!-- setUpBeforeClass -->
        <test-method status="PASS" signature="Verify_login(java.lang.String, java.lang.String)[pri:0, instance:framework_testng.DP.DataProvider_With_Excel_Intergration@6ea6d14e]" name="Verify_login" duration-ms="0" started-at="2019-10-14T09:42:52Z" data-provider="userdata" finished-at="2019-10-14T09:42:52Z">
          <params>
            <param index="0">
              <value>
                <![CDATA[NEwuser2]]>
              </value>
            </param>
            <param index="1">
              <value>
                <![CDATA[NewPwd2]]>
              </value>
            </param>
          </params>
          <reporter-output>
          </reporter-output>
        </test-method> <!-- Verify_login -->
        <test-method status="PASS" signature="Verify_login(java.lang.String, java.lang.String)[pri:0, instance:framework_testng.DP.DataProvider_With_Excel_Intergration@6ea6d14e]" name="Verify_login" duration-ms="0" started-at="2019-10-14T09:42:52Z" data-provider="userdata" finished-at="2019-10-14T09:42:52Z">
          <params>
            <param index="0">
              <value>
                <![CDATA[NEwuser1]]>
              </value>
            </param>
            <param index="1">
              <value>
                <![CDATA[NewPwd1]]>
              </value>
            </param>
          </params>
          <reporter-output>
          </reporter-output>
        </test-method> <!-- Verify_login -->
        <test-method status="PASS" signature="Verify_login(java.lang.String, java.lang.String)[pri:0, instance:framework_testng.DP.DataProvider_With_Excel_Intergration@6ea6d14e]" name="Verify_login" duration-ms="0" started-at="2019-10-14T09:42:52Z" data-provider="userdata" finished-at="2019-10-14T09:42:52Z">
          <params>
            <param index="0">
              <value>
                <![CDATA[NEwuser3]]>
              </value>
            </param>
            <param index="1">
              <value>
                <![CDATA[NewPwd3]]>
              </value>
            </param>
          </params>
          <reporter-output>
          </reporter-output>
        </test-method> <!-- Verify_login -->
        <test-method status="PASS" signature="Verify_login(java.lang.String, java.lang.String)[pri:0, instance:framework_testng.DP.DataProvider_With_Excel_Intergration@6ea6d14e]" name="Verify_login" duration-ms="0" started-at="2019-10-14T09:42:52Z" data-provider="userdata" finished-at="2019-10-14T09:42:52Z">
          <params>
            <param index="0">
              <value>
                <![CDATA[NEwuser6]]>
              </value>
            </param>
            <param index="1">
              <value>
                <![CDATA[NewPwd6]]>
              </value>
            </param>
          </params>
          <reporter-output>
          </reporter-output>
        </test-method> <!-- Verify_login -->
        <test-method status="PASS" signature="Verify_login(java.lang.String, java.lang.String)[pri:0, instance:framework_testng.DP.DataProvider_With_Excel_Intergration@6ea6d14e]" name="Verify_login" duration-ms="0" started-at="2019-10-14T09:42:52Z" data-provider="userdata" finished-at="2019-10-14T09:42:52Z">
          <params>
            <param index="0">
              <value>
                <![CDATA[NEwuser5]]>
              </value>
            </param>
            <param index="1">
              <value>
                <![CDATA[NewPwd5]]>
              </value>
            </param>
          </params>
          <reporter-output>
          </reporter-output>
        </test-method> <!-- Verify_login -->
        <test-method status="PASS" signature="Verify_login(java.lang.String, java.lang.String)[pri:0, instance:framework_testng.DP.DataProvider_With_Excel_Intergration@6ea6d14e]" name="Verify_login" duration-ms="0" started-at="2019-10-14T09:42:52Z" data-provider="userdata" finished-at="2019-10-14T09:42:52Z">
          <params>
            <param index="0">
              <value>
                <![CDATA[NEwuser8]]>
              </value>
            </param>
            <param index="1">
              <value>
                <![CDATA[NewPwd8]]>
              </value>
            </param>
          </params>
          <reporter-output>
          </reporter-output>
        </test-method> <!-- Verify_login -->
        <test-method status="PASS" signature="Verify_login(java.lang.String, java.lang.String)[pri:0, instance:framework_testng.DP.DataProvider_With_Excel_Intergration@6ea6d14e]" name="Verify_login" duration-ms="0" started-at="2019-10-14T09:42:52Z" data-provider="userdata" finished-at="2019-10-14T09:42:52Z">
          <params>
            <param index="0">
              <value>
                <![CDATA[NEwuser7]]>
              </value>
            </param>
            <param index="1">
              <value>
                <![CDATA[NewPwd7]]>
              </value>
            </param>
          </params>
          <reporter-output>
          </reporter-output>
        </test-method> <!-- Verify_login -->
        <test-method status="PASS" signature="Verify_login(java.lang.String, java.lang.String)[pri:0, instance:framework_testng.DP.DataProvider_With_Excel_Intergration@6ea6d14e]" name="Verify_login" duration-ms="0" started-at="2019-10-14T09:42:52Z" data-provider="userdata" finished-at="2019-10-14T09:42:52Z">
          <params>
            <param index="0">
              <value>
                <![CDATA[NEwuser4]]>
              </value>
            </param>
            <param index="1">
              <value>
                <![CDATA[NewPwd4]]>
              </value>
            </param>
          </params>
          <reporter-output>
          </reporter-output>
        </test-method> <!-- Verify_login -->
        <test-method status="PASS" signature="Verify_login(java.lang.String, java.lang.String)[pri:0, instance:framework_testng.DP.DataProvider_With_Excel_Intergration@6ea6d14e]" name="Verify_login" duration-ms="1" started-at="2019-10-14T09:42:52Z" data-provider="userdata" finished-at="2019-10-14T09:42:52Z">
          <params>
            <param index="0">
              <value>
                <![CDATA[NEwuser9]]>
              </value>
            </param>
            <param index="1">
              <value>
                <![CDATA[NewPwd9]]>
              </value>
            </param>
          </params>
          <reporter-output>
          </reporter-output>
        </test-method> <!-- Verify_login -->
        <test-method status="PASS" signature="Verify_login(java.lang.String, java.lang.String)[pri:0, instance:framework_testng.DP.DataProvider_With_Excel_Intergration@6ea6d14e]" name="Verify_login" duration-ms="1" started-at="2019-10-14T09:42:52Z" data-provider="userdata" finished-at="2019-10-14T09:42:52Z">
          <params>
            <param index="0">
              <value>
                <![CDATA[NEwuser10]]>
              </value>
            </param>
            <param index="1">
              <value>
                <![CDATA[NewPwd10]]>
              </value>
            </param>
          </params>
          <reporter-output>
          </reporter-output>
        </test-method> <!-- Verify_login -->
        <test-method status="PASS" signature="Verify_login(java.lang.String, java.lang.String)[pri:0, instance:framework_testng.DP.DataProvider_With_Excel_Intergration@6ea6d14e]" name="Verify_login" duration-ms="0" started-at="2019-10-14T09:42:52Z" data-provider="userdata" finished-at="2019-10-14T09:42:52Z">
          <params>
            <param index="0">
              <value>
                <![CDATA[NEwuser11]]>
              </value>
            </param>
            <param index="1">
              <value>
                <![CDATA[NewPwd11]]>
              </value>
            </param>
          </params>
          <reporter-output>
          </reporter-output>
        </test-method> <!-- Verify_login -->
        <test-method status="PASS" signature="Verify_login(java.lang.String, java.lang.String)[pri:0, instance:framework_testng.DP.DataProvider_With_Excel_Intergration@6ea6d14e]" name="Verify_login" duration-ms="0" started-at="2019-10-14T09:42:52Z" data-provider="userdata" finished-at="2019-10-14T09:42:52Z">
          <params>
            <param index="0">
              <value>
                <![CDATA[NEwuser13]]>
              </value>
            </param>
            <param index="1">
              <value>
                <![CDATA[NewPwd13]]>
              </value>
            </param>
          </params>
          <reporter-output>
          </reporter-output>
        </test-method> <!-- Verify_login -->
        <test-method status="PASS" signature="Verify_login(java.lang.String, java.lang.String)[pri:0, instance:framework_testng.DP.DataProvider_With_Excel_Intergration@6ea6d14e]" name="Verify_login" duration-ms="0" started-at="2019-10-14T09:42:52Z" data-provider="userdata" finished-at="2019-10-14T09:42:52Z">
          <params>
            <param index="0">
              <value>
                <![CDATA[NEwuser15]]>
              </value>
            </param>
            <param index="1">
              <value>
                <![CDATA[NewPwd15]]>
              </value>
            </param>
          </params>
          <reporter-output>
          </reporter-output>
        </test-method> <!-- Verify_login -->
        <test-method status="PASS" signature="Verify_login(java.lang.String, java.lang.String)[pri:0, instance:framework_testng.DP.DataProvider_With_Excel_Intergration@6ea6d14e]" name="Verify_login" duration-ms="0" started-at="2019-10-14T09:42:52Z" data-provider="userdata" finished-at="2019-10-14T09:42:52Z">
          <params>
            <param index="0">
              <value>
                <![CDATA[NEwuser12]]>
              </value>
            </param>
            <param index="1">
              <value>
                <![CDATA[NewPwd12]]>
              </value>
            </param>
          </params>
          <reporter-output>
          </reporter-output>
        </test-method> <!-- Verify_login -->
        <test-method status="PASS" signature="tearDownAfterClass()[pri:0, instance:framework_testng.DP.DataProvider_With_Excel_Intergration@6ea6d14e]" name="tearDownAfterClass" is-config="true" duration-ms="0" started-at="2019-10-14T09:42:52Z" finished-at="2019-10-14T09:42:52Z">
          <reporter-output>
          </reporter-output>
        </test-method> <!-- tearDownAfterClass -->
        <test-method status="PASS" signature="Verify_login(java.lang.String, java.lang.String)[pri:0, instance:framework_testng.DP.DataProvider_With_Excel_Intergration@6ea6d14e]" name="Verify_login" duration-ms="0" started-at="2019-10-14T09:42:52Z" data-provider="userdata" finished-at="2019-10-14T09:42:52Z">
          <params>
            <param index="0">
              <value>
                <![CDATA[NEwuser14]]>
              </value>
            </param>
            <param index="1">
              <value>
                <![CDATA[NewPwd14]]>
              </value>
            </param>
          </params>
          <reporter-output>
          </reporter-output>
        </test-method> <!-- Verify_login -->
      </class> <!-- framework_testng.DP.DataProvider_With_Excel_Intergration -->
    </test> <!-- Default test -->
  </suite> <!-- Default suite -->
</testng-results>
